Starlight Demo Logfile
== initTextScroller() ==

Load space background bitmap and colors
Trying to load blob img/space4_320_125_8.RAW
Blob img/space4_320_125_8.RAW has file size 40000
Calculated input file plane size: 5000
Calculated target buffer plane size: 5000
Space Bitmap: BytesPerRow: 40, Rows: 125, Flags: 0, pad: 0
Allocated 3080  bytes for space bitmap color table
Allocated 1024 bytes for 32 bit color table input file buffer
Trying to load color table img/space3_320_148_8.CMAP
Read 1024 bytes into color table buffer
Loaded 32 bit color table
Freeing 1024 bytes of 32 bit color table input file buffer
Text BitMap: BytesPerRow: 48, Rows: 125, Flags: 0, pad: 0
Trying to load color table img/charset_final.CMAP
Read 16 bytes into color table buffer
Create two screens
initStars with numStars==50
Load font bitmap and colors
Trying to load blob img/charset_final.RAW
Blob img/charset_final.RAW has file size 17280
Calculated input file plane size: 5760
Calculated target buffer plane size: 6400
Font BitMap: BytesPerRow: 40, Rows: 160, Flags: 0, pad: 0
Allocating scroll states and character background bitmaps
Mouse click detected


== initShowLogo() ==
Trying to load blob img/dawn_224_224_8.RAW
Blob img/dawn_224_224_8.RAW has file size 50176
Calculated input file plane size: 6272
Calculated target buffer plane size: 7168
Trying to load color table img/dawn_224_224_8.CMAP
Read 512 bytes into color table buffer
Create screen
initStars with numStars==70

== exitTextScroller() ==
Mouse click detected


== initRotatingCube() ==
Allocating memory for 81920 ray directions (491520 bytes)
Allocating 35 chunky buffers for rotation steps...
Successfully allocated 35 chunky buffers (81920 bytes each)
Generating ray directions for each screen pixel...
Ray origin in cube object space: (0, 0, -3) [fixed-point]
Successfully generated 81920 ray directions
Rendering all rotation steps...
Rendering rotation step 0 (angle: 0 degrees)...

=== CENTER PIXEL DEBUG (step 0, pixel 160,128) ===
ORIGINAL direction: (0.000, 0.000, 1.000)
Ray 41120:
  Origin: (0.000, 0.000, -3.000)
  Direction: (0.000, 0.000, 1.000)
  X slabs: tx_min=--128.000, tx_max=127.000
  Y slabs: ty_min=--128.000, ty_max=127.000
  Z slabs: tz_min=2.000, tz_max=4.000
  Final: t_min=2.000, t_max=4.000, t=2.000, color=15
=== END CENTER PIXEL DEBUG ===

Rendering rotation step 1 (angle: 10 degrees)...
Rendering rotation step 2 (angle: 20 degrees)...
Rendering rotation step 3 (angle: 30 degrees)...
Rendering rotation step 4 (angle: 40 degrees)...
Rendering rotation step 5 (angle: 50 degrees)...

 Distance: 3.062 
 Distance: 2.984 
 Distance: 2.910 
 Distance: 2.839 
 Distance: 2.839 
 Distance: 2.773 
 Distance: 2.710 
 Distance: 2.679 
 Distance: 2.589 
 Distance: 2.589 
 Distance: 2.562 
 Distance: 2.480 
 Distance: 2.457 
 Distance: 2.406 
 Distance: 2.406 
 Distance: 2.359 
 Distance: 2.312 
 Distance: 2.265 
 Distance: 2.222 
 Distance: 2.222 
 Distance: 2.183 
 Distance: 2.144 
 Distance: 2.125 
 Distance: 2.066 
 Distance: 2.066 
 Distance: 2.050 
 Distance: 2.000 
 Distance: 1.980 
 Distance: 1.949 
 Distance: 1.949 
 Distance: 1.917 
 Distance: 1.886 
 Distance: 1.855 
 Distance: 1.828 
 Distance: 1.828 
 Distance: 1.800 
 Distance: 1.773 
 Distance: 1.757 
 Distance: 1.718 
 Distance: 1.718 
 Distance: 1.707 
 Distance: 1.671 
 Distance: 1.660 
 Distance: 1.636 
 Distance: 1.636 
 Distance: 1.613 
 Distance: 1.593 
 Distance: 1.593 
 Distance: 1.609 
 Distance: 1.609 
 Distance: 1.617 
 Distance: 1.632 
 Distance: 1.640 
 Distance: 1.656 
 Distance: 1.656 
 Distance: 1.675 
 Distance: 1.691 
 Distance: 1.699 
 Distance: 1.718 
 Distance: 1.718 
 Distance: 1.726 
 Distance: 1.746 
 Distance: 1.753 
 Distance: 1.773 
 Distance: 1.773 
 Distance: 1.781 
 Distance: 1.800 
 Distance: 1.820 
 Distance: 1.843 
 Distance: 1.843 
 Distance: 1.851 
 Distance: 1.875 
 Distance: 1.882 
 Distance: 1.906 
 Distance: 1.906 
 Distance: 1.917 
 Distance: 1.941 
 Distance: 1.949 
 Distance: 1.972 
 Distance: 1.972 
 Distance: 2.000 
 Distance: 2.023 
 Distance: 2.035 
 Distance: 2.058 
 Distance: 2.058 
 Distance: 2.074 
 Distance: 2.097 
 Distance: 2.113 
 Distance: 2.140 
 Distance: 2.140 
 Distance: 2.152 
 Distance: 2.183 
 Distance: 2.210 
 Distance: 2.242 
 Distance: 2.242 
 Distance: 2.257 
 Distance: 2.289 
 Distance: 2.304 
 Distance: 2.335 
 Distance: 2.335 
 Distance: 2.351 
 Distance: 2.386 
 Distance: 2.402 
 Distance: 2.437 
 Distance: 2.437 
 Distance: 2.476 
 Distance: 2.511 
 Distance: 2.531 
 Distance: 2.570 
 Distance: 2.570 
 Distance: 2.593 
 Distance: 2.632 
 Distance: 2.652 
 Distance: 2.695 
 Distance: 2.695 
 Distance: 2.718 
 Distance: 2.765 
 Distance: 2.812 
 Distance: 2.859 
 Distance: 2.859 Rendering rotation step 6 (angle: 60 degrees)...
Rendering rotation step 7 (angle: 70 degrees)...
Rendering rotation step 8 (angle: 80 degrees)...
Rendering rotation step 9 (angle: 90 degrees)...
Rendering rotation step 10 (angle: 100 degrees)...
Rendering rotation step 11 (angle: 110 degrees)...
Rendering rotation step 12 (angle: 120 degrees)...
Rendering rotation step 13 (angle: 130 degrees)...
Rendering rotation step 14 (angle: 140 degrees)...
Rendering rotation step 15 (angle: 150 degrees)...
Rendering rotation step 16 (angle: 160 degrees)...
Rendering rotation step 17 (angle: 170 degrees)...
Rendering rotation step 18 (angle: 180 degrees)...
Rendering rotation step 19 (angle: 190 degrees)...
Rendering rotation step 20 (angle: 200 degrees)...
Rendering rotation step 21 (angle: 210 degrees)...
Rendering rotation step 22 (angle: 220 degrees)...
Rendering rotation step 23 (angle: 230 degrees)...
Rendering rotation step 24 (angle: 240 degrees)...
Rendering rotation step 25 (angle: 250 degrees)...
Rendering rotation step 26 (angle: 260 degrees)...
Rendering rotation step 27 (angle: 270 degrees)...
Rendering rotation step 28 (angle: 280 degrees)...
Rendering rotation step 29 (angle: 290 degrees)...
Rendering rotation step 30 (angle: 300 degrees)...
Rendering rotation step 31 (angle: 310 degrees)...
Rendering rotation step 32 (angle: 320 degrees)...
Rendering rotation step 33 (angle: 330 degrees)...
Rendering rotation step 34 (angle: 340 degrees)...
Successfully rendered 35 rotation steps
Mouse click detected

== exitRotatingCube() ==
Freeing ray direction array

== exitRotatingCube() ==
